<?xml version="1.0" encoding="UTF-8"?>
<testsuite name="com.epam.esm.service.impl.GiftCertificateServiceImplTest" tests="6" skipped="0" failures="0" errors="0" timestamp="2021-08-25T09:50:29" hostname="MACHINE-0CP3R5P" time="0.261">
  <properties/>
  <testcase name="findByNamePositiveTest()" classname="com.epam.esm.service.impl.GiftCertificateServiceImplTest" time="0.23"/>
  <testcase name="addGiftCertificatePositiveTest()" classname="com.epam.esm.service.impl.GiftCertificateServiceImplTest" time="0.006"/>
  <testcase name="findByNameNegativeTest()" classname="com.epam.esm.service.impl.GiftCertificateServiceImplTest" time="0.007"/>
  <testcase name="addGiftCertificateNegativeTest()" classname="com.epam.esm.service.impl.GiftCertificateServiceImplTest" time="0.004"/>
  <testcase name="findPositiveTest()" classname="com.epam.esm.service.impl.GiftCertificateServiceImplTest" time="0.003"/>
  <testcase name="findNegativeTest()" classname="com.epam.esm.service.impl.GiftCertificateServiceImplTest" time="0.004"/>
  <system-out><![CDATA[]]></system-out>
  <system-err><![CDATA[]]></system-err>
</testsuite>
